<?xml version="1.0" encoding="UTF-8"?>
<!-- Generated by org.testng.reporters.JUnitReportReporter -->
<testsuite hostname="Inizios-MacBook-Pro-2.local" failures="0" tests="1" name="homePageTestCases.HomePageHeaderTestCase" time="3.506" errors="0" timestamp="2021-02-14T22:52:27 PST" skipped="0">
  <testcase classname="homePageTestCases.HomePageHeaderTestCase" name="verifyHeader" time="3.506"/>
  <system-out/>
</testsuite> <!-- homePageTestCases.HomePageHeaderTestCase -->
