<?xml version="1.0" encoding="UTF-8"?>
<!-- Generated by org.testng.reporters.JUnitReportReporter -->
<testsuite hostname="Inizios-MacBook-Pro-2.local" failures="0" tests="1" name="homePageTestCases.HomePageHeaderTestCase" time="5.613" errors="0" timestamp="2021-02-11T09:50:36 PST" skipped="0">
  <testcase classname="homePageTestCases.HomePageHeaderTestCase" name="verifyHeader" time="5.613"/>
  <system-out/>
</testsuite> <!-- homePageTestCases.HomePageHeaderTestCase -->
