<?xml version="1.0" encoding="UTF-8"?>
<!-- Generated by org.testng.reporters.JUnitReportReporter -->
<testsuite skipped="0" hostname="Inizios-MacBook-Pro-2.local" name="homePageTestCases.HomePageHeaderTestCase" tests="1" failures="0" timestamp="2021-02-14T23:22:05 PST" time="3.531" errors="0">
  <testcase name="verifyHeader" time="3.531" classname="homePageTestCases.HomePageHeaderTestCase"/>
  <system-out/>
</testsuite> <!-- homePageTestCases.HomePageHeaderTestCase -->
